<?xml version="1.0" encoding="UTF-8"?>
<!-- Generated by org.testng.reporters.JUnitReportReporter -->
<testsuite hostname="MWDH-Work2" failures="0" tests="2" name="ass1W11D5.PerformScreenswipeandscrollTo.AppTest" time="32.269" errors="0" timestamp="2022-08-25T04:19:28 AST" skipped="0">
  <testcase classname="ass1W11D5.PerformScreenswipeandscrollTo.AppTest" name="TestScroll" time="21.513"/>
  <system-out/>
  <testcase classname="ass1W11D5.PerformScreenswipeandscrollTo.AppTest" name="TestSwipe" time="10.756"/>
  <system-out/>
</testsuite> <!-- ass1W11D5.PerformScreenswipeandscrollTo.AppTest -->
